Diagnose log at 2024-11-05T15:25:12Z

AppPath: C:\Program Files\Git\mingw64\bin\git-credential-manager.exe
InstallDir: C:\Program Files\Git\mingw64\bin\
Version: 2.6.0+3c28096588f549cb46f36b552390514356830abe

------------
Diagnostic: Environment
Skipped: False
Success: True
Exception: None
Log:
OSType: Windows
OSVersion: 10.0 (build 22631)
Reading environment variables... OK
 Variables:
HOMEPATH=\Users\mbender
DriverData=C:\Windows\System32\Drivers\DriverData
COMPUTERNAME=MBENDER-MS-001
UATDATA=C:\Windows\CCM\UATData\D9F8C395-CAB8-491d-B8AC-179A1FE1BE77
MSYSTEM=MINGW64
CommonProgramFiles(x86)=C:\Program Files (x86)\Common Files
OneDrive=C:\Users\mbender\OneDrive - Microsoft
ChocolateyLastPathUpdate=133752413964668328
TMP=C:\Users\mbender\AppData\Local\Temp
HOME=C:\Users\mbender
PROCESSOR_REVISION=7502
PATHEXT=.COM;.EXE;.BAT;.CMD;.VBS;.VBE;.JS;.JSE;.WSF;.WSH;.MSC;.CPL
GIT_ASKPASS=c:\Program Files\Microsoft VS Code\resources\app\extensions\git\dist\askpass.sh
GIT_EXEC_PATH=C:/Program Files/Git/mingw64/libexec/git-core
TEMP=C:\Users\mbender\AppData\Local\Temp
LOCALAPPDATA=C:\Users\mbender\AppData\Local
PUBLIC=C:\Users\Public
TERM=xterm-256color
ProgramW6432=C:\Program Files
USERDNSDOMAIN=redmond.corp.microsoft.com
USERDOMAIN=REDMOND
ProgramFiles(x86)=C:\Program Files (x86)
Path=C:/Program Files/Git/mingw64/libexec/git-core;C:\Program Files\Git\mingw64\bin;C:\Program Files\Git\usr\bin;C:\Users\mbender\bin;C:\Windows\system32;C:\Windows;C:\Windows\System32\Wbem;C:\Windows\System32\WindowsPowerShell\v1.0\;C:\Windows\System32\OpenSSH\;C:\ProgramData\chocolatey\bin;C:\Program Files\Microsoft VS Code\bin;C:\Program Files\Git\cmd;C:\Users\mbender\AppData\Local\Microsoft\WindowsApps;
TERM_PROGRAM=vscode
PROCESSOR_LEVEL=25
PROCESSOR_IDENTIFIER=AMD64 Family 25 Model 117 Stepping 2, AuthenticAMD
TMPDIR=C:\Users\mbender\AppData\Local\Temp
VSCODE_GIT_ASKPASS_EXTRA_ARGS=
TERM_PROGRAM_VERSION=1.95.1
VSCODE_GIT_ASKPASS_MAIN=c:\Program Files\Microsoft VS Code\resources\app\extensions\git\dist\askpass-main.js
PSModulePath=C:\Users\mbender\Documents\WindowsPowerShell\Modules;C:\Program Files\WindowsPowerShell\Modules;C:\Windows\system32\WindowsPowerShell\v1.0\Modules
NUMBER_OF_PROCESSORS=16
FPS_BROWSER_USER_PROFILE_STRING=Default
CommonProgramFiles=C:\Program Files (x86)\Common Files
VSCODE_INJECTION=1
VSCODE_GIT_IPC_HANDLE=\\.\pipe\vscode-git-21c7ad51bf-sock
CHROME_CRASHPAD_PIPE_NAME=\\.\pipe\crashpad_20204_HWOSABCFEKESTOJN
PLINK_PROTOCOL=ssh
ProgramData=C:\ProgramData
ProgramFiles=C:\Program Files (x86)
ChocolateyInstall=C:\ProgramData\chocolatey
GIT_TRACE2_PARENT_SID=fafa3627-084e-43ab-8f1e-5895ae9a0be6
VSCODE_GIT_ASKPASS_NODE=C:\Program Files\Microsoft VS Code\Code.exe
SystemRoot=C:\Windows
ORIGINAL_XDG_CURRENT_DESKTOP=undefined
SESSIONNAME=Console
CommonProgramW6432=C:\Program Files\Common Files
LOGONSERVER=\\MBENDER-MS-001
USERPROFILE=C:\Users\mbender
COLORTERM=truecolor
USERDOMAIN_ROAMINGPROFILE=REDMOND
APPDATA=C:\Users\mbender\AppData\Roaming
HOMEDRIVE=C:
EFC_11688=1
OneDriveCommercial=C:\Users\mbender\OneDrive - Microsoft
USERNAME=mbender
PROCESSOR_ARCHITEW6432=AMD64
FPS_BROWSER_APP_PROFILE_STRING=Internet Explorer
PROCESSOR_ARCHITECTURE=x86
OS=Windows_NT
ComSpec=C:\Windows\system32\cmd.exe
SystemDrive=C:
windir=C:\Windows
LANG=en_US.UTF-8
ALLUSERSPROFILE=C:\ProgramData


------------
Diagnostic: File system
Skipped: False
Success: True
Exception: None
Log:
Temporary directory is 'C:\Users\mbender\AppData\Local\Temp\'...
Checking basic file I/O...
Writing to temporary file 'C:\Users\mbender\AppData\Local\Temp\477a4cde867f2ac39e6f5af5'... OK
Reading from temporary file 'C:\Users\mbender\AppData\Local\Temp\477a4cde867f2ac39e6f5af5'... OK
Deleting temporary file 'C:\Users\mbender\AppData\Local\Temp\477a4cde867f2ac39e6f5af5'... OK
Testing IFileSystem instance...
UserHomePath: C:\Users\mbender
UserDataDirectoryPath: C:\Users\mbender\.gcm
GetCurrentDirectory(): C:\github\azure-docs-pr

------------
Diagnostic: Networking
Skipped: False
Success: True
Exception: None
Log:
Checking networking and HTTP stack...
Creating HTTP client... OK
IsNetworkAvailable: True
Sending HEAD request to http://example.com...Sending HEAD request to https://example.com... OK
 OK
Acquiring free TCP port... OK
Testing local HTTP loopback connections...
Creating new HTTP listener for http://localhost:52580/... OK
Waiting for loopback connection... OK
Writing response... OK
Waiting for response data... OK
Loopback connection data OK

------------
Diagnostic: Git
Skipped: False
Success: True
Exception: None
Log:
Getting Git version... OK
Git version is '2.47.0.windows.2'
Locating current repository...Git repository at 'C:/github/azure-docs-pr/.git'
 OK
Listing all Git configuration... OK
Git configuration:
file:C:/Program Files/Git/etc/gitconfig	diff.astextplain.textconv=astextplain
file:C:/Program Files/Git/etc/gitconfig	filter.lfs.clean=git-lfs clean -- %f
file:C:/Program Files/Git/etc/gitconfig	filter.lfs.smudge=git-lfs smudge -- %f
file:C:/Program Files/Git/etc/gitconfig	filter.lfs.process=git-lfs filter-process
file:C:/Program Files/Git/etc/gitconfig	filter.lfs.required=true
file:C:/Program Files/Git/etc/gitconfig	http.sslbackend=openssl
file:C:/Program Files/Git/etc/gitconfig	http.sslcainfo=C:/Program Files/Git/mingw64/etc/ssl/certs/ca-bundle.crt
file:C:/Program Files/Git/etc/gitconfig	core.autocrlf=true
file:C:/Program Files/Git/etc/gitconfig	core.fscache=true
file:C:/Program Files/Git/etc/gitconfig	core.symlinks=false
file:C:/Program Files/Git/etc/gitconfig	pull.rebase=false
file:C:/Program Files/Git/etc/gitconfig	credential.helper=manager
file:C:/Program Files/Git/etc/gitconfig	credential.https://dev.azure.com.usehttppath=true
file:C:/Program Files/Git/etc/gitconfig	init.defaultbranch=main
file:C:/Users/mbender/.gitconfig	user.name=Michael Bender
file:C:/Users/mbender/.gitconfig	user.email=102542398+mbender-ms@users.noreply.github.com
file:C:/Users/mbender/.gitconfig	core.longpaths=true
file:C:/Users/mbender/.gitconfig	credential.helper=
file:C:/Users/mbender/.gitconfig	credential.helper=C:/Program\ Files/Git/mingw64/bin/git-credential-manager.exe
file:.git/config	core.repositoryformatversion=0
file:.git/config	core.filemode=false
file:.git/config	core.bare=false
file:.git/config	core.logallrefupdates=true
file:.git/config	core.symlinks=false
file:.git/config	core.ignorecase=true
file:.git/config	remote.origin.url=https://github.com/mbender-ms/azure-docs-pr.git
file:.git/config	remote.origin.fetch=+refs/heads/*:refs/remotes/origin/*
file:.git/config	branch.main.remote=origin
file:.git/config	branch.main.merge=refs/heads/main
file:.git/config	branch.main.vscode-merge-base=origin/main
file:.git/config	remote.upstream.url=https://github.com/MicrosoftDocs/azure-docs-pr.git
file:.git/config	remote.upstream.fetch=+refs/heads/*:refs/remotes/upstream/*
file:.git/config	branch.pr/mbender-ms/289736.remote=origin
file:.git/config	branch.pr/mbender-ms/289736.merge=refs/heads/nsp-final-001
file:.git/config	branch.pr/mbender-ms/289736.vscode-merge-base=origin/main
file:.git/config	branch.pr/mbender-ms/289736.github-pr-owner-number=MicrosoftDocs#azure-docs-pr#289736


------------
Diagnostic: Credential storage
Skipped: False
Success: True
Exception: None
Log:
ICredentialStore instance is of type: CredentialStore
Writing test credential... OK
Reading test credential... OK
Deleting test credential... OK

------------
Diagnostic: Microsoft authentication (AAD/MSA)
Skipped: False
Success: True
Exception: None
Log:
Broker is not enabled.
Flow type is: Auto
Gathering MSAL token cache data... OK
CacheDirectory: C:\Users\mbender\AppData\Local\.IdentityService
CacheFileName: msal.cache
CacheFilePath: C:\Users\mbender\AppData\Local\.IdentityService\msal.cache
Creating cache helper... OK
Verifying MSAL token cache persistence... OK

------------
Diagnostic: GitHub API
Skipped: False
Success: True
Exception: None
Log:
Using 'https://github.com/' as API target.
Querying '/meta' endpoint... OK

