#
# There is insufficient memory for the Java Runtime Environment to continue.
# Native memory allocation (mmap) failed to map 268435456 bytes for Failed to commit area from 0x00000000c0000000 to 0x00000000d0000000 of length 268435456.
# Possible reasons:
#   The system is out of physical RAM or swap space
#   In 32 bit mode, the process size limit was hit
# Possible solutions:
#   Reduce memory load on the system
#   Increase physical memory or swap space
#   Check if swap backing store is full
#   Use 64 bit Java on a 64 bit OS
#   Decrease Java heap size (-Xmx/-Xms)
#   Decrease number of Java threads
#   Decrease Java thread stack sizes (-Xss)
#   Set larger code cache with -XX:ReservedCodeCacheSize=
# This output file may be truncated or incomplete.
#
#  Out of Memory Error (os_windows.cpp:3331), pid=67656, tid=0x0000000000010e38
#
# JRE version:  (8.0_181-b13) (build )
# Java VM: Java HotSpot(TM) 64-Bit Server VM (25.181-b13 mixed mode windows-amd64 compressed oops)
# Failed to write core dump. Minidumps are not enabled by default on client versions of Windows
#

---------------  T H R E A D  ---------------

Current thread (0x0000000002662800):  JavaThread "Unknown thread" [_thread_in_vm, id=69176, stack(0x0000000002500000,0x0000000002600000)]

Stack: [0x0000000002500000,0x0000000002600000]
[error occurred during error reporting (printing stack bounds), id 0xc0000005]

Native frames: (J=compiled Java code, j=interpreted, Vv=VM code, C=native code)


---------------  P R O C E S S  ---------------

Java Threads: ( => current thread )

Other Threads:

=>0x0000000002662800 (exited) JavaThread "Unknown thread" [_thread_in_vm, id=69176, stack(0x0000000002500000,0x0000000002600000)]

VM state:not at safepoint (not fully initialized)

VM Mutex/Monitor currently owned by a thread:  ([mutex/lock_event])
[0x0000000002660dd0] Heap_lock - owner thread: 0x0000000002662800

GC Heap History (0 events):
No events

Deoptimization events (0 events):
No events

Classes redefined (0 events):
No events

Internal exceptions (0 events):
No events

Events (0 events):
No events


Dynamic libraries:
0x00007ff69f730000 - 0x00007ff69f767000 	C:\Program Files\Java\jdk1.8.0_181\bin\java.exe
0x00007ffcd2de0000 - 0x00007ffcd2fc1000 	C:\WINDOWS\SYSTEM32\ntdll.dll
0x00007ffcd0270000 - 0x00007ffcd0322000 	C:\WINDOWS\System32\KERNEL32.DLL
0x00007ffccfff0000 - 0x00007ffcd0263000 	C:\WINDOWS\System32\KERNELBASE.dll
0x00007ffcd10b0000 - 0x00007ffcd1151000 	C:\WINDOWS\System32\ADVAPI32.dll
0x00007ffcd2750000 - 0x00007ffcd27ee000 	C:\WINDOWS\System32\msvcrt.dll
0x00007ffcd0480000 - 0x00007ffcd04db000 	C:\WINDOWS\System32\sechost.dll
0x00007ffcd2b30000 - 0x00007ffcd2c54000 	C:\WINDOWS\System32\RPCRT4.dll
0x00007ffcd2800000 - 0x00007ffcd2990000 	C:\WINDOWS\System32\USER32.dll
0x00007ffccf410000 - 0x00007ffccf430000 	C:\WINDOWS\System32\win32u.dll
0x00007ffcd04e0000 - 0x00007ffcd0508000 	C:\WINDOWS\System32\GDI32.dll
0x00007ffccf430000 - 0x00007ffccf5c2000 	C:\WINDOWS\System32\gdi32full.dll
0x00007ffccf5d0000 - 0x00007ffccf66f000 	C:\WINDOWS\System32\msvcp_win.dll
0x00007ffccf260000 - 0x00007ffccf35a000 	C:\WINDOWS\System32\ucrtbase.dll
0x00007ffcbfd70000 - 0x00007ffcbffd9000 	C:\WINDOWS\WinSxS\amd64_microsoft.windows.common-controls_6595b64144ccf1df_6.0.17134.228_none_fb4599993062b194\COMCTL32.dll
0x00007ffcd09d0000 - 0x00007ffcd0cf3000 	C:\WINDOWS\System32\combase.dll
0x00007ffccf670000 - 0x00007ffccf6ea000 	C:\WINDOWS\System32\bcryptPrimitives.dll
0x00007ffcd2720000 - 0x00007ffcd274d000 	C:\WINDOWS\System32\IMM32.DLL
0x0000000052fa0000 - 0x0000000053072000 	C:\Program Files\Java\jdk1.8.0_181\jre\bin\msvcr100.dll
0x00000000526f0000 - 0x0000000052f92000 	C:\Program Files\Java\jdk1.8.0_181\jre\bin\server\jvm.dll
0x00007ffcd27f0000 - 0x00007ffcd27f8000 	C:\WINDOWS\System32\PSAPI.DLL
0x00007ffcc9e80000 - 0x00007ffcc9ea3000 	C:\WINDOWS\SYSTEM32\WINMM.dll
0x00007ffcc7a90000 - 0x00007ffcc7a9a000 	C:\WINDOWS\SYSTEM32\VERSION.dll
0x00007ffccd090000 - 0x00007ffccd099000 	C:\WINDOWS\SYSTEM32\WSOCK32.dll
0x00007ffcc9e50000 - 0x00007ffcc9e7a000 	C:\WINDOWS\SYSTEM32\WINMMBASE.dll
0x00007ffccf360000 - 0x00007ffccf3a9000 	C:\WINDOWS\System32\cfgmgr32.dll
0x00007ffcd0360000 - 0x00007ffcd03cc000 	C:\WINDOWS\System32\WS2_32.dll
0x0000000053410000 - 0x000000005341f000 	C:\Program Files\Java\jdk1.8.0_181\jre\bin\verify.dll
0x00000000533e0000 - 0x0000000053409000 	C:\Program Files\Java\jdk1.8.0_181\jre\bin\java.dll
0x00000000526d0000 - 0x00000000526e6000 	C:\Program Files\Java\jdk1.8.0_181\jre\bin\zip.dll

VM Arguments:
jvm_args: -Declipse.application=org.eclipse.jdt.ls.core.id1 -Dosgi.bundles.defaultStartLevel=4 -Declipse.product=org.eclipse.jdt.ls.core.product -Xverify:none -Xmx1G -XX:+UseG1GC -XX:+UseStringDeduplication 
java_command: C:\Users\v-kaoumg\.vscode\extensions\redhat.java-0.29.0\server\plugins\org.eclipse.equinox.launcher_1.5.100.v20180611-1436.jar -configuration C:\Users\v-kaoumg\.vscode\extensions\redhat.java-0.29.0\server\config_win -data C:\Users\v-kaoumg\AppData\Roaming\Code\User\workspaceStorage\75115c07ba842e251adc0cc6f14ec80c\redhat.java\jdt_ws
java_class_path (initial): C:\Users\v-kaoumg\.vscode\extensions\redhat.java-0.29.0\server\plugins\org.eclipse.equinox.launcher_1.5.100.v20180611-1436.jar
Launcher Type: SUN_STANDARD

Environment Variables:
JAVA_HOME=C:\Program Files\Java\jdk1.8.0_181
PATH=C:\Program Files (x86)\Common Files\Oracle\Java\javapath;C:\Program Files\Docker\Docker\Resources\bin;C:\Program Files (x86)\Intel\iCLS Client\;C:\Program Files\Intel\iCLS Client\;C:\Program Files\Common Files\Microsoft Shared\Microsoft Online Services;C:\Program Files (x86)\Common Files\Microsoft Shared\Microsoft Online Services;C:\WINDOWS\system32;C:\WINDOWS;C:\WINDOWS\System32\Wbem;C:\WINDOWS\System32\WindowsPowerShell\v1.0\;C:\WINDOWS\System32\OpenSSH\;C:\Program Files\Intel\WiFi\bin\;C:\Program Files\Common Files\Intel\WirelessCommon\;C:\Program Files (x86)\Intel\Intel(R) Management Engine Components\DAL;C:\Program Files\Intel\Intel(R) Management Engine Components\DAL;C:\Program Files (x86)\Intel\Intel(R) Management Engine Components\IPT;C:\Program Files\Intel\Intel(R) Management Engine Components\IPT;C:\Program Files\Git\cmd;C:\Program Files\dotnet\;C:\Program Files (x86)\dotnet\;C:\Program Files\Java\jdk1.8.0_181\bin;C:\Maven\bin;C:\ProgramData\iotedge;C:\Users\v-kaoumg\AppData\Local\Microsoft\WindowsApps;;C:\Users\v-kaoumg\AppData\Local\Programs\Microsoft VS Code\bin;C:\Users\v-kaoumg\.dotnet\tools
USERNAME=v-kaoumg
OS=Windows_NT
PROCESSOR_IDENTIFIER=Intel64 Family 6 Model 158 Stepping 9, GenuineIntel



---------------  S Y S T E M  ---------------

OS: Windows 10.0 , 64 bit Build 17134 (10.0.17134.1)

CPU:total 8 (initial active 8) (4 cores per cpu, 2 threads per core) family 6 model 158 stepping 9, cmov, cx8, fxsr, mmx, sse, sse2, sse3, ssse3, sse4.1, sse4.2, popcnt, avx, avx2, aes, clmul, erms, 3dnowpref, lzcnt, ht, tsc, tscinvbit, bmi1, bmi2, adx

Memory: 4k page, physical 16694468k(1648768k free), swap 67026116k(86176k free)

vm_info: Java HotSpot(TM) 64-Bit Server VM (25.181-b13) for windows-amd64 JRE (1.8.0_181-b13), built on Jul  7 2018 04:01:33 by "java_re" with MS VC++ 10.0 (VS2010)

time: Thu Sep 06 17:13:23 2018
elapsed time: 0 seconds (0d 0h 0m 0s)

